# JRE version: Java(TM) SE Runtime Environment (8.0_121-b13) (build 1.8.0_121-b13)
# Java VM: Java HotSpot(TM) 64-Bit Server VM (25.121-b13 mixed mode windows-amd64 compressed oops)
Heap:
 PSYoungGen      total 18944K, used 4965K [0x00000000eb300000, 0x00000000ec800000, 0x0000000100000000)
  eden space 16384K, 30% used [0x00000000eb300000,0x00000000eb7d94c8,0x00000000ec300000)
  from space 2560K, 0% used [0x00000000ec580000,0x00000000ec580000,0x00000000ec800000)
  to   space 2560K, 0% used [0x00000000ec300000,0x00000000ec300000,0x00000000ec580000)
 ParOldGen       total 34304K, used 6854K [0x00000000c1800000, 0x00000000c3980000, 0x00000000eb300000)
  object space 34304K, 19% used [0x00000000c1800000,0x00000000c1eb19f8,0x00000000c3980000)
 Metaspace       used 13913K, capacity 14402K, committed 14592K, reserved 1064960K
  class space    used 1867K, capacity 2022K, committed 2048K, reserved 1048576K
GC Heap History (8 events):
Event: 1.962 GC heap before
{Heap before GC invocations=1 (full 0):
 PSYoungGen      total 18944K, used 16384K [0x00000000eb300000, 0x00000000ec800000, 0x0000000100000000)
  eden space 16384K, 100% used [0x00000000eb300000,0x00000000ec300000,0x00000000ec300000)
  from space 2560K, 0% used [0x00000000ec580000,0x00000000ec580000,0x00000000ec800000)
  to   space 2560K, 0% used [0x00000000ec300000,0x00000000ec300000,0x00000000ec580000)
 ParOldGen       total 44032K, used 0K [0x00000000c1800000, 0x00000000c4300000, 0x00000000eb300000)
  object space 44032K, 0% used [0x00000000c1800000,0x00000000c1800000,0x00000000c4300000)
 Metaspace       used 9990K, capacity 10276K, committed 10368K, reserved 1064960K
  class space    used 1263K, capacity 1370K, committed 1408K, reserved 1048576K
Event: 1.976 GC heap after
Heap after GC invocations=1 (full 0):
 PSYoungGen      total 18944K, used 2558K [0x00000000eb300000, 0x00000000ec800000, 0x0000000100000000)
  eden space 16384K, 0% used [0x00000000eb300000,0x00000000eb300000,0x00000000ec300000)
  from space 2560K, 99% used [0x00000000ec300000,0x00000000ec57f8d8,0x00000000ec580000)
  to   space 2560K, 0% used [0x00000000ec580000,0x00000000ec580000,0x00000000ec800000)
 ParOldGen       total 44032K, used 1085K [0x00000000c1800000, 0x00000000c4300000, 0x00000000eb300000)
  object space 44032K, 2% used [0x00000000c1800000,0x00000000c190f428,0x00000000c4300000)
 Metaspace       used 9990K, capacity 10276K, committed 10368K, reserved 1064960K
  class space    used 1263K, capacity 1370K, committed 1408K, reserved 1048576K
}
Event: 1.976 GC heap before
{Heap before GC invocations=2 (full 1):
 PSYoungGen      total 18944K, used 2558K [0x00000000eb300000, 0x00000000ec800000, 0x0000000100000000)
  eden space 16384K, 0% used [0x00000000eb300000,0x00000000eb300000,0x00000000ec300000)
  from space 2560K, 99% used [0x00000000ec300000,0x00000000ec57f8d8,0x00000000ec580000)
  to   space 2560K, 0% used [0x00000000ec580000,0x00000000ec580000,0x00000000ec800000)
 ParOldGen       total 44032K, used 1085K [0x00000000c1800000, 0x00000000c4300000, 0x00000000eb300000)
  object space 44032K, 2% used [0x00000000c1800000,0x00000000c190f428,0x00000000c4300000)
 Metaspace       used 9990K, capacity 10276K, committed 10368K, reserved 1064960K
  class space    used 1263K, capacity 1370K, committed 1408K, reserved 1048576K
Event: 2.024 GC heap after
Heap after GC invocations=2 (full 1):
 PSYoungGen      total 18944K, used 0K [0x00000000eb300000, 0x00000000ec800000, 0x0000000100000000)
  eden space 16384K, 0% used [0x00000000eb300000,0x00000000eb300000,0x00000000ec300000)
  from space 2560K, 0% used [0x00000000ec300000,0x00000000ec300000,0x00000000ec580000)
  to   space 2560K, 0% used [0x00000000ec580000,0x00000000ec580000,0x00000000ec800000)
 ParOldGen       total 34304K, used 3612K [0x00000000c1800000, 0x00000000c3980000, 0x00000000eb300000)
  object space 34304K, 10% used [0x00000000c1800000,0x00000000c1b871b0,0x00000000c3980000)
 Metaspace       used 9990K, capacity 10276K, committed 10368K, reserved 1060864K
  class space    used 1263K, capacity 1370K, committed 1408K, reserved 1048576K
}
Event: 2.900 GC heap before
{Heap before GC invocations=3 (full 1):
 PSYoungGen      total 18944K, used 10139K [0x00000000eb300000, 0x00000000ec800000, 0x0000000100000000)
  eden space 16384K, 61% used [0x00000000eb300000,0x00000000ebce6de8,0x00000000ec300000)
  from space 2560K, 0% used [0x00000000ec300000,0x00000000ec300000,0x00000000ec580000)
  to   space 2560K, 0% used [0x00000000ec580000,0x00000000ec580000,0x00000000ec800000)
 ParOldGen       total 34304K, used 3612K [0x00000000c1800000, 0x00000000c3980000, 0x00000000eb300000)
  object space 34304K, 10% used [0x00000000c1800000,0x00000000c1b871b0,0x00000000c3980000)
 Metaspace       used 12906K, capacity 13340K, committed 13440K, reserved 1067008K
  class space    used 1748K, capacity 1897K, committed 1920K, reserved 1048576K
Event: 2.911 GC heap after
Heap after GC invocations=3 (full 1):
 PSYoungGen      total 18944K, used 760K [0x00000000eb300000, 0x00000000ec800000, 0x0000000100000000)
  eden space 16384K, 0% used [0x00000000eb300000,0x00000000eb300000,0x00000000ec300000)
  from space 2560K, 29% used [0x00000000ec580000,0x00000000ec63e338,0x00000000ec800000)
  to   space 2560K, 0% used [0x00000000ec300000,0x00000000ec300000,0x00000000ec580000)
 ParOldGen       total 34304K, used 6301K [0x00000000c1800000, 0x00000000c3980000, 0x00000000eb300000)
  object space 34304K, 18% used [0x00000000c1800000,0x00000000c1e277b0,0x00000000c3980000)
 Metaspace       used 12906K, capacity 13340K, committed 13440K, reserved 1067008K
  class space    used 1748K, capacity 1897K, committed 1920K, reserved 1048576K
}
Event: 2.911 GC heap before
{Heap before GC invocations=4 (full 2):
 PSYoungGen      total 18944K, used 760K [0x00000000eb300000, 0x00000000ec800000, 0x0000000100000000)
  eden space 16384K, 0% used [0x00000000eb300000,0x00000000eb300000,0x00000000ec300000)
  from space 2560K, 29% used [0x00000000ec580000,0x00000000ec63e338,0x00000000ec800000)
  to   space 2560K, 0% used [0x00000000ec300000,0x00000000ec300000,0x00000000ec580000)
 ParOldGen       total 34304K, used 6301K [0x00000000c1800000, 0x00000000c3980000, 0x00000000eb300000)
  object space 34304K, 18% used [0x00000000c1800000,0x00000000c1e277b0,0x00000000c3980000)
 Metaspace       used 12906K, capacity 13340K, committed 13440K, reserved 1067008K
  class space    used 1748K, capacity 1897K, committed 1920K, reserved 1048576K
Event: 2.991 GC heap after
Heap after GC invocations=4 (full 2):
 PSYoungGen      total 18944K, used 0K [0x00000000eb300000, 0x00000000ec800000, 0x0000000100000000)
  eden space 16384K, 0% used [0x00000000eb300000,0x00000000eb300000,0x00000000ec300000)
  from space 2560K, 0% used [0x00000000ec580000,0x00000000ec580000,0x00000000ec800000)
  to   space 2560K, 0% used [0x00000000ec300000,0x00000000ec300000,0x00000000ec580000)
 ParOldGen       total 34304K, used 6854K [0x00000000c1800000, 0x00000000c3980000, 0x00000000eb300000)
  object space 34304K, 19% used [0x00000000c1800000,0x00000000c1eb19f8,0x00000000c3980000)
 Metaspace       used 12906K, capacity 13340K, committed 13440K, reserved 1064960K
  class space    used 1748K, capacity 1897K, committed 1920K, reserved 1048576K
}

