# JRE version: Java(TM) SE Runtime Environment (8.0_121-b13) (build 1.8.0_121-b13)
# Java VM: Java HotSpot(TM) 64-Bit Server VM (25.121-b13 mixed mode windows-amd64 compressed oops)
Heap:
 PSYoungGen      total 18944K, used 128K [0x00000000eb300000, 0x00000000ec800000, 0x0000000100000000)
  eden space 16384K, 0% used [0x00000000eb300000,0x00000000eb300000,0x00000000ec300000)
  from space 2560K, 5% used [0x00000000ec300000,0x00000000ec320000,0x00000000ec580000)
  to   space 2560K, 0% used [0x00000000ec580000,0x00000000ec580000,0x00000000ec800000)
 ParOldGen       total 30720K, used 4129K [0x00000000c1800000, 0x00000000c3600000, 0x00000000eb300000)
  object space 30720K, 13% used [0x00000000c1800000,0x00000000c1c087f8,0x00000000c3600000)
 Metaspace       used 12692K, capacity 13083K, committed 13184K, reserved 1073152K
  class space    used 1718K, capacity 1863K, committed 1920K, reserved 1048576K
GC Heap History (8 events):
Event: 1.016 GC heap before
{Heap before GC invocations=1 (full 0):
 PSYoungGen      total 18944K, used 8269K [0x00000000eb300000, 0x00000000ec800000, 0x0000000100000000)
  eden space 16384K, 50% used [0x00000000eb300000,0x00000000ebb13410,0x00000000ec300000)
  from space 2560K, 0% used [0x00000000ec580000,0x00000000ec580000,0x00000000ec800000)
  to   space 2560K, 0% used [0x00000000ec300000,0x00000000ec300000,0x00000000ec580000)
 ParOldGen       total 44032K, used 0K [0x00000000c1800000, 0x00000000c4300000, 0x00000000eb300000)
  object space 44032K, 0% used [0x00000000c1800000,0x00000000c1800000,0x00000000c4300000)
 Metaspace       used 6254K, capacity 6632K, committed 6784K, reserved 1060864K
  class space    used 777K, capacity 873K, committed 896K, reserved 1048576K
Event: 1.022 GC heap after
Heap after GC invocations=1 (full 0):
 PSYoungGen      total 18944K, used 960K [0x00000000eb300000, 0x00000000ec800000, 0x0000000100000000)
  eden space 16384K, 0% used [0x00000000eb300000,0x00000000eb300000,0x00000000ec300000)
  from space 2560K, 37% used [0x00000000ec300000,0x00000000ec3f0020,0x00000000ec580000)
  to   space 2560K, 0% used [0x00000000ec580000,0x00000000ec580000,0x00000000ec800000)
 ParOldGen       total 44032K, used 8K [0x00000000c1800000, 0x00000000c4300000, 0x00000000eb300000)
  object space 44032K, 0% used [0x00000000c1800000,0x00000000c1802000,0x00000000c4300000)
 Metaspace       used 6254K, capacity 6632K, committed 6784K, reserved 1060864K
  class space    used 777K, capacity 873K, committed 896K, reserved 1048576K
}
Event: 1.022 GC heap before
{Heap before GC invocations=2 (full 1):
 PSYoungGen      total 18944K, used 960K [0x00000000eb300000, 0x00000000ec800000, 0x0000000100000000)
  eden space 16384K, 0% used [0x00000000eb300000,0x00000000eb300000,0x00000000ec300000)
  from space 2560K, 37% used [0x00000000ec300000,0x00000000ec3f0020,0x00000000ec580000)
  to   space 2560K, 0% used [0x00000000ec580000,0x00000000ec580000,0x00000000ec800000)
 ParOldGen       total 44032K, used 8K [0x00000000c1800000, 0x00000000c4300000, 0x00000000eb300000)
  object space 44032K, 0% used [0x00000000c1800000,0x00000000c1802000,0x00000000c4300000)
 Metaspace       used 6254K, capacity 6632K, committed 6784K, reserved 1060864K
  class space    used 777K, capacity 873K, committed 896K, reserved 1048576K
Event: 1.045 GC heap after
Heap after GC invocations=2 (full 1):
 PSYoungGen      total 18944K, used 0K [0x00000000eb300000, 0x00000000ec800000, 0x0000000100000000)
  eden space 16384K, 0% used [0x00000000eb300000,0x00000000eb300000,0x00000000ec300000)
  from space 2560K, 0% used [0x00000000ec300000,0x00000000ec300000,0x00000000ec580000)
  to   space 2560K, 0% used [0x00000000ec580000,0x00000000ec580000,0x00000000ec800000)
 ParOldGen       total 30720K, used 913K [0x00000000c1800000, 0x00000000c3600000, 0x00000000eb300000)
  object space 30720K, 2% used [0x00000000c1800000,0x00000000c18e4778,0x00000000c3600000)
 Metaspace       used 6254K, capacity 6632K, committed 6784K, reserved 1058816K
  class space    used 777K, capacity 873K, committed 896K, reserved 1048576K
}
Event: 2.405 GC heap before
{Heap before GC invocations=3 (full 1):
 PSYoungGen      total 18944K, used 14577K [0x00000000eb300000, 0x00000000ec800000, 0x0000000100000000)
  eden space 16384K, 88% used [0x00000000eb300000,0x00000000ec13c440,0x00000000ec300000)
  from space 2560K, 0% used [0x00000000ec300000,0x00000000ec300000,0x00000000ec580000)
  to   space 2560K, 0% used [0x00000000ec580000,0x00000000ec580000,0x00000000ec800000)
 ParOldGen       total 30720K, used 913K [0x00000000c1800000, 0x00000000c3600000, 0x00000000eb300000)
  object space 30720K, 2% used [0x00000000c1800000,0x00000000c18e4778,0x00000000c3600000)
 Metaspace       used 12333K, capacity 12744K, committed 12928K, reserved 1067008K
  class space    used 1655K, capacity 1795K, committed 1920K, reserved 1048576K
Event: 2.416 GC heap after
Heap after GC invocations=3 (full 1):
 PSYoungGen      total 18944K, used 2542K [0x00000000eb300000, 0x00000000ec800000, 0x0000000100000000)
  eden space 16384K, 0% used [0x00000000eb300000,0x00000000eb300000,0x00000000ec300000)
  from space 2560K, 99% used [0x00000000ec580000,0x00000000ec7fb8c8,0x00000000ec800000)
  to   space 2560K, 0% used [0x00000000ec300000,0x00000000ec300000,0x00000000ec580000)
 ParOldGen       total 30720K, used 1665K [0x00000000c1800000, 0x00000000c3600000, 0x00000000eb300000)
  object space 30720K, 5% used [0x00000000c1800000,0x00000000c19a07b8,0x00000000c3600000)
 Metaspace       used 12333K, capacity 12744K, committed 12928K, reserved 1067008K
  class space    used 1655K, capacity 1795K, committed 1920K, reserved 1048576K
}
Event: 2.416 GC heap before
{Heap before GC invocations=4 (full 2):
 PSYoungGen      total 18944K, used 2542K [0x00000000eb300000, 0x00000000ec800000, 0x0000000100000000)
  eden space 16384K, 0% used [0x00000000eb300000,0x00000000eb300000,0x00000000ec300000)
  from space 2560K, 99% used [0x00000000ec580000,0x00000000ec7fb8c8,0x00000000ec800000)
  to   space 2560K, 0% used [0x00000000ec300000,0x00000000ec300000,0x00000000ec580000)
 ParOldGen       total 30720K, used 1665K [0x00000000c1800000, 0x00000000c3600000, 0x00000000eb300000)
  object space 30720K, 5% used [0x00000000c1800000,0x00000000c19a07b8,0x00000000c3600000)
 Metaspace       used 12333K, capacity 12744K, committed 12928K, reserved 1067008K
  class space    used 1655K, capacity 1795K, committed 1920K, reserved 1048576K
Event: 2.477 GC heap after
Heap after GC invocations=4 (full 2):
 PSYoungGen      total 18944K, used 0K [0x00000000eb300000, 0x00000000ec800000, 0x0000000100000000)
  eden space 16384K, 0% used [0x00000000eb300000,0x00000000eb300000,0x00000000ec300000)
  from space 2560K, 0% used [0x00000000ec580000,0x00000000ec580000,0x00000000ec800000)
  to   space 2560K, 0% used [0x00000000ec300000,0x00000000ec300000,0x00000000ec580000)
 ParOldGen       total 30720K, used 4121K [0x00000000c1800000, 0x00000000c3600000, 0x00000000eb300000)
  object space 30720K, 13% used [0x00000000c1800000,0x00000000c1c067f8,0x00000000c3600000)
 Metaspace       used 12333K, capacity 12744K, committed 12928K, reserved 1064960K
  class space    used 1655K, capacity 1795K, committed 1920K, reserved 1048576K
}

